app/build/intermediates/manifest_merge_blame_file/release/manifest-merger-blame-release-report.txt
1<?xml version="1.0" encoding="utf-8"?>
2<manifest xmlns:android="http://schemas.android.com/apk/res/android"
3    package="com.example.submissionbelajarmembuataplikasiandroidpemulamaldiariqi"
4    android:versionCode="1"
5    android:versionName="1.0" >
6
7    <uses-sdk
8        android:minSdkVersion="17"
8-->src/main/AndroidManifest.xml
9        android:targetSdkVersion="29" />
9-->src/main/AndroidManifest.xml
10
11    <uses-permission android:name="android.permission.INTERNET" />
11-->src/main/AndroidManifest.xml:5:5-67
11-->src/main/AndroidManifest.xml:5:22-64
12
13    <application
13-->src/main/AndroidManifest.xml:7:5-35:19
14        android:allowBackup="true"
14-->src/main/AndroidManifest.xml:8:9-35
15        android:appComponentFactory="androidx.core.app.CoreComponentFactory"
15-->[androidx.core:core:1.0.1] AndroidManifest.xml:22:18-86
16        android:icon="@mipmap/ic_launcher"
16-->src/main/AndroidManifest.xml:9:9-43
17        android:label="@string/app_name"
17-->src/main/AndroidManifest.xml:10:9-41
18        android:roundIcon="@mipmap/ic_launcher_round"
18-->src/main/AndroidManifest.xml:11:9-54
19        android:supportsRtl="true"
19-->src/main/AndroidManifest.xml:12:9-35
20        android:theme="@style/AppTheme" >
20-->src/main/AndroidManifest.xml:13:9-40
21        <activity
21-->src/main/AndroidManifest.xml:14:9-20:20
22            android:name="com.example.submissionbelajarmembuataplikasiandroidpemulamaldiariqi.DetailSUVActivity"
22-->src/main/AndroidManifest.xml:15:13-46
23            android:parentActivityName="com.example.submissionbelajarmembuataplikasiandroidpemulamaldiariqi.MainActivity" >
23-->src/main/AndroidManifest.xml:16:13-55
24            <meta-data
24-->src/main/AndroidManifest.xml:17:13-19:49
25                android:name="android.support.PARENT_ACTIVITY"
25-->src/main/AndroidManifest.xml:18:17-63
26                android:value=".MainActivity" />
26-->src/main/AndroidManifest.xml:19:17-46
27        </activity>
28        <activity
28-->src/main/AndroidManifest.xml:21:9-27:20
29            android:name="com.example.submissionbelajarmembuataplikasiandroidpemulamaldiariqi.AboutActivity"
29-->src/main/AndroidManifest.xml:22:13-42
30            android:parentActivityName="com.example.submissionbelajarmembuataplikasiandroidpemulamaldiariqi.MainActivity" >
30-->src/main/AndroidManifest.xml:23:13-55
31            <meta-data
31-->src/main/AndroidManifest.xml:17:13-19:49
32                android:name="android.support.PARENT_ACTIVITY"
32-->src/main/AndroidManifest.xml:18:17-63
33                android:value=".MainActivity" />
33-->src/main/AndroidManifest.xml:19:17-46
34        </activity>
35        <activity android:name="com.example.submissionbelajarmembuataplikasiandroidpemulamaldiariqi.MainActivity" >
35-->src/main/AndroidManifest.xml:28:9-34:20
35-->src/main/AndroidManifest.xml:28:19-47
36            <intent-filter>
36-->src/main/AndroidManifest.xml:29:13-33:29
37                <action android:name="android.intent.action.MAIN" />
37-->src/main/AndroidManifest.xml:30:17-69
37-->src/main/AndroidManifest.xml:30:25-66
38
39                <category android:name="android.intent.category.LAUNCHER" />
39-->src/main/AndroidManifest.xml:32:17-77
39-->src/main/AndroidManifest.xml:32:27-74
40            </intent-filter>
41        </activity>
42    </application>
43
44</manifest>